mode: atomic
github.com/brady1408/db-grok/cmd/dbgrok/command/root.go:12.31,15.2 2 0
github.com/brady1408/db-grok/cmd/dbgrok/command/root.go:24.13,31.2 5 1
github.com/brady1408/db-grok/cmd/dbgrok/command/utils.go:3.47,4.19 1 3
github.com/brady1408/db-grok/cmd/dbgrok/command/utils.go:7.2,8.25 2 2
github.com/brady1408/db-grok/cmd/dbgrok/command/utils.go:14.2,14.15 1 2
github.com/brady1408/db-grok/cmd/dbgrok/command/utils.go:4.19,6.3 1 1
github.com/brady1408/db-grok/cmd/dbgrok/command/utils.go:8.25,9.17 1 5
github.com/brady1408/db-grok/cmd/dbgrok/command/utils.go:9.17,11.9 2 1
github.com/brady1408/db-grok/config/config.go:15.56,19.16 3 0
github.com/brady1408/db-grok/config/config.go:24.2,25.16 2 0
github.com/brady1408/db-grok/config/config.go:30.2,30.39 1 0
github.com/brady1408/db-grok/config/config.go:35.2,35.20 1 0
github.com/brady1408/db-grok/config/config.go:19.16,22.3 2 0
github.com/brady1408/db-grok/config/config.go:25.16,28.3 2 0
github.com/brady1408/db-grok/config/config.go:30.39,33.3 2 0
github.com/brady1408/db-grok/db/db.go:25.51,35.40 6 0
github.com/brady1408/db-grok/db/db.go:52.2,54.16 2 0
github.com/brady1408/db-grok/db/db.go:35.40,40.17 5 0
github.com/brady1408/db-grok/db/db.go:40.17,41.9 1 0
github.com/brady1408/db-grok/db/db.go:42.9,43.31 1 0
github.com/brady1408/db-grok/db/db.go:47.4,48.36 2 0
github.com/brady1408/db-grok/db/db.go:43.31,46.5 2 0
github.com/brady1408/db-grok/store/store.go:8.55,19.40 2 0
github.com/brady1408/db-grok/store/store.go:22.2,23.18 2 0
github.com/brady1408/db-grok/store/store.go:34.2,34.25 1 0
github.com/brady1408/db-grok/store/store.go:19.40,20.38 1 0
github.com/brady1408/db-grok/store/store.go:23.18,29.17 3 0
github.com/brady1408/db-grok/store/store.go:32.3,32.38 1 0
github.com/brady1408/db-grok/store/store.go:29.17,31.4 1 0
github.com/brady1408/db-grok/cmd/dbgrok/command/build.go:21.13,25.2 3 1
github.com/brady1408/db-grok/cmd/dbgrok/command/build.go:27.61,31.16 4 0
github.com/brady1408/db-grok/cmd/dbgrok/command/build.go:35.2,38.16 3 0
github.com/brady1408/db-grok/cmd/dbgrok/command/build.go:43.2,55.35 4 0
github.com/brady1408/db-grok/cmd/dbgrok/command/build.go:62.2,63.16 2 0
github.com/brady1408/db-grok/cmd/dbgrok/command/build.go:68.2,70.12 2 0
github.com/brady1408/db-grok/cmd/dbgrok/command/build.go:31.16,34.3 2 0
github.com/brady1408/db-grok/cmd/dbgrok/command/build.go:38.16,41.3 2 0
github.com/brady1408/db-grok/cmd/dbgrok/command/build.go:55.35,56.67 1 0
github.com/brady1408/db-grok/cmd/dbgrok/command/build.go:59.3,59.55 1 0
github.com/brady1408/db-grok/cmd/dbgrok/command/build.go:56.67,57.12 1 0
github.com/brady1408/db-grok/cmd/dbgrok/command/build.go:63.16,66.3 2 0
github.com/brady1408/db-grok/config/config.go:15.56,19.16 3 2
github.com/brady1408/db-grok/config/config.go:24.2,25.16 2 1
github.com/brady1408/db-grok/config/config.go:30.2,30.39 1 1
github.com/brady1408/db-grok/config/config.go:35.2,35.20 1 1
github.com/brady1408/db-grok/config/config.go:19.16,22.3 2 1
github.com/brady1408/db-grok/config/config.go:25.16,28.3 2 0
github.com/brady1408/db-grok/config/config.go:30.39,33.3 2 0
github.com/brady1408/db-grok/test/db.go:23.33,26.27 3 2
github.com/brady1408/db-grok/test/db.go:29.2,30.27 2 2
github.com/brady1408/db-grok/test/db.go:33.2,34.27 2 2
github.com/brady1408/db-grok/test/db.go:37.2,38.27 2 2
github.com/brady1408/db-grok/test/db.go:41.2,42.27 2 2
github.com/brady1408/db-grok/test/db.go:45.2,45.19 1 2
github.com/brady1408/db-grok/test/db.go:26.27,28.3 1 0
github.com/brady1408/db-grok/test/db.go:30.27,32.3 1 0
github.com/brady1408/db-grok/test/db.go:34.27,36.3 1 0
github.com/brady1408/db-grok/test/db.go:38.27,40.3 1 0
github.com/brady1408/db-grok/test/db.go:42.27,44.3 1 0
github.com/brady1408/db-grok/test/db.go:48.37,50.2 1 2
github.com/brady1408/db-grok/store/store.go:8.55,19.40 2 2
github.com/brady1408/db-grok/store/store.go:22.2,23.18 2 2
github.com/brady1408/db-grok/store/store.go:34.2,34.25 1 2
github.com/brady1408/db-grok/store/store.go:19.40,20.38 1 0
github.com/brady1408/db-grok/store/store.go:23.18,29.17 3 4
github.com/brady1408/db-grok/store/store.go:32.3,32.38 1 4
github.com/brady1408/db-grok/store/store.go:29.17,31.4 1 0
github.com/brady1408/db-grok/db/db.go:25.51,35.40 6 2
github.com/brady1408/db-grok/db/db.go:52.2,54.16 2 2
github.com/brady1408/db-grok/db/db.go:35.40,40.17 5 2
github.com/brady1408/db-grok/db/db.go:40.17,41.9 1 2
github.com/brady1408/db-grok/db/db.go:42.9,43.31 1 0
github.com/brady1408/db-grok/db/db.go:47.4,48.36 2 0
github.com/brady1408/db-grok/db/db.go:43.31,46.5 2 0
github.com/brady1408/db-grok/db/db.go:25.51,35.40 6 3
github.com/brady1408/db-grok/db/db.go:52.2,54.16 2 2
github.com/brady1408/db-grok/db/db.go:35.40,40.17 5 5
github.com/brady1408/db-grok/db/db.go:40.17,41.9 1 2
github.com/brady1408/db-grok/db/db.go:42.9,43.31 1 3
github.com/brady1408/db-grok/db/db.go:47.4,48.36 2 2
github.com/brady1408/db-grok/db/db.go:43.31,46.5 2 1
github.com/brady1408/db-grok/test/db.go:23.33,26.27 3 5
github.com/brady1408/db-grok/test/db.go:29.2,30.27 2 5
github.com/brady1408/db-grok/test/db.go:33.2,34.27 2 5
github.com/brady1408/db-grok/test/db.go:37.2,38.27 2 5
github.com/brady1408/db-grok/test/db.go:41.2,42.27 2 5
github.com/brady1408/db-grok/test/db.go:45.2,45.19 1 5
github.com/brady1408/db-grok/test/db.go:26.27,28.3 1 1
github.com/brady1408/db-grok/test/db.go:30.27,32.3 1 1
github.com/brady1408/db-grok/test/db.go:34.27,36.3 1 1
github.com/brady1408/db-grok/test/db.go:38.27,40.3 1 1
github.com/brady1408/db-grok/test/db.go:42.27,44.3 1 1
github.com/brady1408/db-grok/test/db.go:48.37,50.2 1 3
